[2019-09-18 21:08:43] Executing bootstrap tasks
[2019-09-18 21:08:43] Java(TM) SE Runtime Environment 13-ea+33
[2019-09-18 21:08:43] Product org.eclipse.products.epp.package.java.2019-09
[2019-09-18 21:08:43] Bundle org.eclipse.oomph.setup 1.14.0.v20190815-1111, build=4222, branch=df1f9db2f1c3e575486f818cae17bfd35a376162
[2019-09-18 21:08:43] Bundle org.eclipse.oomph.setup.core 1.14.0.v20190705-1542, build=4222, branch=df1f9db2f1c3e575486f818cae17bfd35a376162
[2019-09-18 21:08:43] Bundle org.eclipse.oomph.setup.p2 1.12.0.v20190704-1252, build=4222, branch=df1f9db2f1c3e575486f818cae17bfd35a376162
[2019-09-18 21:08:43] Performing P2 Director (Eclipse IDE for Java Developers (2019-09))
[2019-09-18 21:08:43] Offline = false
[2019-09-18 21:08:43] Mirrors = true
[2019-09-18 21:08:43] Resolving 23 requirements from 3 repositories to C:\Users\salla\eclipse\java-2019-09\eclipse
[2019-09-18 21:08:43] Requirement epp.package.java [4.13.0,5.0.0)
[2019-09-18 21:08:43] Requirement org.eclipse.platform.feature.group [4.13.0,5.0.0)
[2019-09-18 21:08:43] Requirement org.eclipse.rcp.feature.group [4.13.0,5.0.0)
[2019-09-18 21:08:43] Requirement org.eclipse.buildship.feature.group
[2019-09-18 21:08:43] Requirement org.eclipse.eclemma.feature.feature.group
[2019-09-18 21:08:43] Requirement org.eclipse.egit.feature.group
[2019-09-18 21:08:43] Requirement org.eclipse.egit.mylyn.feature.group
[2019-09-18 21:08:43] Requirement org.eclipse.epp.mpc.feature.group
[2019-09-18 21:08:43] Requirement org.eclipse.jdt.feature.group
[2019-09-18 21:08:43] Requirement org.eclipse.jgit.feature.group
[2019-09-18 21:08:43] Requirement org.eclipse.m2e.feature.feature.group
[2019-09-18 21:08:43] Requirement org.eclipse.m2e.logback.feature.feature.group
[2019-09-18 21:08:43] Requirement org.eclipse.mylyn.bugzilla_feature.feature.group
[2019-09-18 21:08:43] Requirement org.eclipse.mylyn.context_feature.feature.group
[2019-09-18 21:08:43] Requirement org.eclipse.mylyn.git.feature.group
[2019-09-18 21:08:43] Requirement org.eclipse.mylyn.hudson.feature.group
[2019-09-18 21:08:43] Requirement org.eclipse.mylyn.ide_feature.feature.group
[2019-09-18 21:08:43] Requirement org.eclipse.mylyn.java_feature.feature.group
[2019-09-18 21:08:43] Requirement org.eclipse.mylyn.wikitext_feature.feature.group
[2019-09-18 21:08:43] Requirement org.eclipse.mylyn_feature.feature.group
[2019-09-18 21:08:43] Requirement org.eclipse.tips.feature.feature.group
[2019-09-18 21:08:43] Requirement org.eclipse.wst.xml_ui.feature.feature.group
[2019-09-18 21:08:43] Requirement org.eclipse.oomph.setup.feature.group
[2019-09-18 21:08:43] Repository http://download.eclipse.org/technology/epp/packages/2019-09
[2019-09-18 21:08:43] Repository http://download.eclipse.org/releases/2019-09
[2019-09-18 21:08:43] Repository http://download.eclipse.org/oomph/updates/milestone/latest
[2019-09-18 21:08:46] ERROR: org.eclipse.equinox.p2.metadata.repository code=1002 Unable to read repository at http://download.eclipse.org/releases/2019-09.
ERROR: org.eclipse.equinox.p2.repository code=0 An error occurred while downloading http://download.eclipse.org/technology/epp/packages/2019-09/content.xml.xz. The cache file C:\Users\salla\.p2\org.eclipse.equinox.p2.repository\cache\downloading\756394883 could not be renamed to C:\Users\salla\.p2\org.eclipse.equinox.p2.repository\cache\756394883.
  at org.eclipse.equinox.internal.p2.repository.CacheManager.updateCache(CacheManager.java:430)
  at org.eclipse.equinox.internal.p2.repository.CacheManager.createCacheFromFile(CacheManager.java:136)
  at org.eclipse.equinox.internal.p2.metadata.repository.XZedSimpleMetadataRepositoryFactory.getLocalFile(XZedSimpleMetadataRepositoryFactory.java:60)
  at org.eclipse.equinox.internal.p2.metadata.repository.XZedSimpleMetadataRepositoryFactory.load(XZedSimpleMetadataRepositoryFactory.java:80)
  at org.eclipse.equinox.internal.p2.metadata.repository.MetadataRepositoryManager.factoryLoad(MetadataRepositoryManager.java:63)
  at org.eclipse.equinox.internal.p2.repository.helpers.AbstractRepositoryManager.loadRepository(AbstractRepositoryManager.java:775)
  at java.base/jdk.internal.reflect.NativeMethodAccessorImpl.invoke0(Native Method)
  at java.base/jdk.internal.reflect.NativeMethodAccessorImpl.invoke(NativeMethodAccessorImpl.java:62)
  at java.base/jdk.internal.reflect.DelegatingMethodAccessorImpl.invoke(DelegatingMethodAccessorImpl.java:43)
  at java.base/java.lang.reflect.Method.invoke(Method.java:567)
  at org.eclipse.oomph.util.ReflectUtil.invokeMethod(ReflectUtil.java:117)
  at org.eclipse.oomph.p2.internal.core.CachingRepositoryManager.loadRepository(CachingRepositoryManager.java:409)
  at org.eclipse.oomph.p2.internal.core.CachingRepositoryManager.loadRepository(CachingRepositoryManager.java:201)
  at org.eclipse.oomph.p2.internal.core.CachingRepositoryManager$Metadata.loadRepository(CachingRepositoryManager.java:476)
  at org.eclipse.equinox.internal.p2.metadata.repository.MetadataRepositoryManager.loadRepository(MetadataRepositoryManager.java:110)
  at org.eclipse.equinox.internal.p2.metadata.repository.MetadataRepositoryManager.loadRepository(MetadataRepositoryManager.java:105)
  at org.eclipse.equinox.internal.p2.metadata.repository.CompositeMetadataRepository.addChild(CompositeMetadataRepository.java:171)
  at org.eclipse.equinox.internal.p2.metadata.repository.CompositeMetadataRepository.<init>(CompositeMetadataRepository.java:113)
  at org.eclipse.equinox.internal.p2.metadata.repository.CompositeMetadataRepositoryFactory.load(CompositeMetadataRepositoryFactory.java:124)
  at org.eclipse.equinox.internal.p2.metadata.repository.MetadataRepositoryManager.factoryLoad(MetadataRepositoryManager.java:63)
  at org.eclipse.equinox.internal.p2.repository.helpers.AbstractRepositoryManager.loadRepository(AbstractRepositoryManager.java:775)
  at java.base/jdk.internal.reflect.NativeMethodAccessorImpl.invoke0(Native Method)
  at java.base/jdk.internal.reflect.NativeMethodAccessorImpl.invoke(NativeMethodAccessorImpl.java:62)
  at java.base/jdk.internal.reflect.DelegatingMethodAccessorImpl.invoke(DelegatingMethodAccessorImpl.java:43)
  at java.base/java.lang.reflect.Method.invoke(Method.java:567)
  at org.eclipse.oomph.util.ReflectUtil.invokeMethod(ReflectUtil.java:117)
  at org.eclipse.oomph.p2.internal.core.CachingRepositoryManager.loadRepository(CachingRepositoryManager.java:409)
  at org.eclipse.oomph.p2.internal.core.CachingRepositoryManager.loadRepository(CachingRepositoryManager.java:201)
  at org.eclipse.oomph.p2.internal.core.CachingRepositoryManager$Metadata.loadRepository(CachingRepositoryManager.java:476)
  at org.eclipse.equinox.internal.p2.metadata.repository.MetadataRepositoryManager.loadRepository(MetadataRepositoryManager.java:110)
  at org.eclipse.equinox.internal.p2.metadata.repository.MetadataRepositoryManager.loadRepository(MetadataRepositoryManager.java:105)
  at org.eclipse.oomph.p2.internal.core.ProfileTransactionImpl$RepositoryLoader$Worker.perform(ProfileTransactionImpl.java:1575)
  at org.eclipse.oomph.util.WorkerPool$Worker.run(WorkerPool.java:428)
  at org.eclipse.core.internal.jobs.Worker.run(Worker.java:63)

[2019-09-18 21:08:46] 
